<?xml version="1.0" encoding="UTF-8"?>
<testng-results ignored="0" total="1" passed="1" failed="0" skipped="0">
  <reporter-output>
  </reporter-output>
  <suite started-at="2024-05-03T04:51:14 IST" name="Default suite" finished-at="2024-05-03T04:51:38 IST" duration-ms="23582">
    <groups>
      <group name="cucumber">
        <method signature="AbstractTestNGCucumberTests.runScenario(io.cucumber.testng.PickleWrapper,io.cucumber.testng.FeatureWrapper)[pri:0, instance:com.ActiTime.runner.TestRunner@202b0582]" name="runScenario" class="io.cucumber.testng.AbstractTestNGCucumberTests"/>
      </group> <!-- cucumber -->
    </groups>
    <test started-at="2024-05-03T04:51:14 IST" name="Default test" finished-at="2024-05-03T04:51:38 IST" duration-ms="23582">
      <class name="com.ActiTime.runner.TestRunner">
        <test-method is-config="true" signature="setUpClass(org.testng.ITestContext)[pri:0, instance:com.ActiTime.runner.TestRunner@202b0582]" started-at="2024-05-03T04:51:14 IST" name="setUpClass" finished-at="2024-05-03T04:51:15 IST" duration-ms="869" status="PASS">
          <params>
            <param index="0">
              <value>
                <![CDATA[org.testng.TestRunner@fb6097b]]>
              </value>
            </param>
          </params>
          <reporter-output>
          </reporter-output>
        </test-method> <!-- setUpClass -->
        <test-method signature="runScenario(io.cucumber.testng.PickleWrapper,io.cucumber.testng.FeatureWrapper)[pri:0, instance:com.ActiTime.runner.TestRunner@202b0582]" started-at="2024-05-03T04:51:15 IST" name="runScenario" description="Runs Cucumber Scenarios" data-provider="scenarios" finished-at="2024-05-03T04:51:38 IST" duration-ms="22582" status="PASS">
          <params>
            <param index="0">
              <value>
                <![CDATA["Search the product and print it on the console"]]>
              </value>
            </param>
            <param index="1">
              <value>
                <![CDATA["Get all links and print it on the console"]]>
              </value>
            </param>
          </params>
          <reporter-output>
          </reporter-output>
        </test-method> <!-- runScenario -->
        <test-method is-config="true" signature="tearDownClass()[pri:0, instance:com.ActiTime.runner.TestRunner@202b0582]" started-at="2024-05-03T04:51:38 IST" name="tearDownClass" finished-at="2024-05-03T04:51:38 IST" duration-ms="66" status="PASS">
          <reporter-output>
          </reporter-output>
        </test-method> <!-- tearDownClass -->
      </class> <!-- com.ActiTime.runner.TestRunner -->
    </test> <!-- Default test -->
  </suite> <!-- Default suite -->
</testng-results>
